Base path: K:/Unity/Editor/Data
Pipe name: \\.\pipe\UnityShaderCompiler-4-3324
Cmd: getPlatforms
Cmd: compileSnippet
  api=8 type=0 insize=2057 outsize=2738 kw=LIGHTMAP_ON ok=1
Cmd: compileSnippet
  api=0 type=1 insize=2057 outsize=514 kw=LIGHTMAP_OFF ok=1
Cmd: compileSnippet
  api=1 type=0 insize=6277 outsize=1351 kw=DIRECTIONAL LIGHTMAP_OFF DIRLIGHTMAP_OFF ok=1
Cmd: compileSnippet
  api=4 type=0 insize=6277 outsize=4118 kw=DIRECTIONAL LIGHTMAP_ON DIRLIGHTMAP_ON ok=1
Cmd: compileSnippet
  api=1 type=1 insize=6277 outsize=1089 kw=DIRECTIONAL LIGHTMAP_OFF DIRLIGHTMAP_OFF ok=1
Cmd: compileSnippet
  api=4 type=1 insize=6277 outsize=4012 kw=DIRECTIONAL LIGHTMAP_ON DIRLIGHTMAP_ON ok=1
Cmd: compileSnippet
  api=0 type=0 insize=3904 outsize=1464 kw=DIRECTIONAL ok=1
Cmd: compileSnippet
  api=1 type=0 insize=3904 outsize=1176 kw=SPOT ok=1
Cmd: compileSnippet
  api=4 type=0 insize=3904 outsize=5328 kw=POINT_COOKIE ok=1
Cmd: compileSnippet
  api=1 type=1 insize=3904 outsize=1032 kw=DIRECTIONAL ok=1
Cmd: compileSnippet
  api=0 type=1 insize=3904 outsize=1501 kw=POINT_COOKIE ok=1
Cmd: compileSnippet
  api=1 type=1 insize=3904 outsize=1091 kw=DIRECTIONAL_COOKIE ok=1
Cmd: compileSnippet
  api=8 type=0 insize=5647 outsize=8077 kw=DIRECTIONAL LIGHTMAP_OFF DIRLIGHTMAP_OFF ok=1
Cmd: compileSnippet
  api=8 type=0 insize=5647 outsize=5663 kw=DIRECTIONAL LIGHTMAP_ON DIRLIGHTMAP_ON ok=1
Cmd: compileSnippet
  api=8 type=0 insize=5647 outsize=10823 kw=DIRECTIONAL LIGHTMAP_OFF DIRLIGHTMAP_OFF VERTEXLIGHT_ON ok=1
Cmd: compileSnippet
  api=1 type=1 insize=5647 outsize=796 kw=DIRECTIONAL LIGHTMAP_OFF DIRLIGHTMAP_OFF ok=1
Cmd: compileSnippet
  api=4 type=1 insize=5647 outsize=2615 kw=DIRECTIONAL LIGHTMAP_ON DIRLIGHTMAP_OFF ok=1
Cmd: compileSnippet
  api=4 type=1 insize=5647 outsize=3216 kw=DIRECTIONAL LIGHTMAP_ON DIRLIGHTMAP_ON ok=1
Cmd: compileSnippet
  api=8 type=0 insize=3396 outsize=7459 kw=POINT ok=1
Cmd: compileSnippet
  api=4 type=0 insize=3396 outsize=5085 kw=SPOT ok=1
Cmd: compileSnippet
  api=4 type=0 insize=3396 outsize=5085 kw=POINT_COOKIE ok=1
Cmd: compileSnippet
  api=1 type=0 insize=3396 outsize=944 kw=DIRECTIONAL_COOKIE ok=1
Cmd: compileSnippet
  api=0 type=1 insize=3396 outsize=895 kw=DIRECTIONAL ok=1
Cmd: compileSnippet
  api=8 type=1 insize=3396 outsize=3803 kw=DIRECTIONAL ok=1
Cmd: compileSnippet
  api=0 type=1 insize=3396 outsize=1163 kw=POINT_COOKIE ok=1
Cmd: compileSnippet
  api=1 type=1 insize=3396 outsize=923 kw=POINT_COOKIE ok=1
Cmd: compileSnippet
  api=4 type=1 insize=3396 outsize=2712 kw=DIRECTIONAL_COOKIE ok=1
Cmd: compileSnippet
  api=8 type=0 insize=1301 outsize=2998 kw= ok=1
Cmd: compileSnippet
  api=8 type=1 insize=1301 outsize=2348 kw= ok=1
Cmd: compileSnippet
  api=1 type=0 insize=4971 outsize=668 kw=DIRECTIONAL SHADOWS_OFF LIGHTMAP_OFF DIRLIGHTMAP_OFF ok=1
Cmd: compileSnippet
  api=1 type=0 insize=4971 outsize=533 kw=DIRECTIONAL SHADOWS_OFF LIGHTMAP_ON DIRLIGHTMAP_ON ok=1
Cmd: compileSnippet
  api=1 type=0 insize=4971 outsize=792 kw=DIRECTIONAL SHADOWS_SCREEN LIGHTMAP_OFF DIRLIGHTMAP_OFF ok=1
Cmd: compileSnippet
  api=0 type=0 insize=4971 outsize=540 kw=DIRECTIONAL SHADOWS_SCREEN LIGHTMAP_ON DIRLIGHTMAP_OFF ok=1
Cmd: compileSnippet
  api=0 type=0 insize=4971 outsize=978 kw=DIRECTIONAL SHADOWS_SCREEN LIGHTMAP_ON DIRLIGHTMAP_ON ok=1
Cmd: compileSnippet
  api=1 type=0 insize=4971 outsize=1207 kw=DIRECTIONAL SHADOWS_OFF LIGHTMAP_OFF DIRLIGHTMAP_OFF VERTEXLIGHT_ON ok=1
Cmd: compileSnippet
  api=0 type=0 insize=4971 outsize=1783 kw=DIRECTIONAL SHADOWS_SCREEN LIGHTMAP_OFF DIRLIGHTMAP_OFF VERTEXLIGHT_ON ok=1
Cmd: compileSnippet
  api=8 type=0 insize=4971 outsize=7329 kw=DIRECTIONAL SHADOWS_SCREEN LIGHTMAP_OFF DIRLIGHTMAP_OFF VERTEXLIGHT_ON ok=1
Cmd: compileSnippet
  api=8 type=1 insize=4971 outsize=2145 kw=DIRECTIONAL SHADOWS_OFF LIGHTMAP_OFF DIRLIGHTMAP_OFF ok=1
Cmd: compileSnippet
  api=4 type=1 insize=4971 outsize=1258 kw=DIRECTIONAL SHADOWS_OFF LIGHTMAP_ON DIRLIGHTMAP_ON ok=1
Cmd: compileSnippet
  api=1 type=1 insize=4971 outsize=388 kw=DIRECTIONAL SHADOWS_SCREEN LIGHTMAP_OFF DIRLIGHTMAP_OFF ok=1
Cmd: compileSnippet
  api=0 type=1 insize=4971 outsize=538 kw=DIRECTIONAL SHADOWS_SCREEN LIGHTMAP_ON DIRLIGHTMAP_OFF ok=1
Cmd: compileSnippet
  api=8 type=1 insize=4971 outsize=2657 kw=DIRECTIONAL SHADOWS_SCREEN LIGHTMAP_ON DIRLIGHTMAP_OFF ok=1
Cmd: compileSnippet
  api=0 type=0 insize=2508 outsize=699 kw=DIRECTIONAL ok=1
Cmd: compileSnippet
  api=1 type=0 insize=2508 outsize=424 kw=SPOT ok=1
Cmd: compileSnippet
  api=1 type=0 insize=2508 outsize=405 kw=POINT_COOKIE ok=1
Cmd: compileSnippet
  api=4 type=0 insize=2508 outsize=3029 kw=DIRECTIONAL_COOKIE ok=1
Cmd: compileSnippet
  api=0 type=1 insize=2508 outsize=380 kw=DIRECTIONAL ok=1
Cmd: compileSnippet
  api=1 type=1 insize=2508 outsize=571 kw=SPOT ok=1
Cmd: compileSnippet
  api=0 type=1 insize=2508 outsize=639 kw=POINT_COOKIE ok=1
Cmd: compileSnippet
  api=1 type=1 insize=2508 outsize=341 kw=DIRECTIONAL_COOKIE ok=1
Cmd: compileSnippet
  api=1 type=0 insize=1885 outsize=190 kw= ok=1
Cmd: compileSnippet
  api=8 type=1 insize=1885 outsize=918 kw= ok=1
Cmd: compileSnippet
  api=1 type=0 insize=4376 outsize=639 kw=LIGHTMAP_OFF DIRLIGHTMAP_OFF HDR_LIGHT_PREPASS_OFF ok=1
Cmd: compileSnippet
  api=4 type=0 insize=4376 outsize=2883 kw=LIGHTMAP_ON DIRLIGHTMAP_OFF HDR_LIGHT_PREPASS_OFF ok=1
Cmd: compileSnippet
  api=0 type=0 insize=4376 outsize=984 kw=LIGHTMAP_ON DIRLIGHTMAP_ON HDR_LIGHT_PREPASS_OFF ok=1
Cmd: compileSnippet
  api=8 type=0 insize=4376 outsize=4242 kw=LIGHTMAP_OFF DIRLIGHTMAP_OFF HDR_LIGHT_PREPASS_ON ok=1
Cmd: compileSnippet
  api=0 type=0 insize=4376 outsize=984 kw=LIGHTMAP_ON DIRLIGHTMAP_ON HDR_LIGHT_PREPASS_ON ok=1
Cmd: compileSnippet
  api=8 type=1 insize=4376 outsize=2048 kw=LIGHTMAP_OFF DIRLIGHTMAP_OFF HDR_LIGHT_PREPASS_OFF ok=1
Cmd: compileSnippet
  api=1 type=1 insize=4376 outsize=359 kw=LIGHTMAP_ON DIRLIGHTMAP_ON HDR_LIGHT_PREPASS_OFF ok=1
Cmd: compileSnippet
  api=0 type=1 insize=4376 outsize=362 kw=LIGHTMAP_OFF DIRLIGHTMAP_OFF HDR_LIGHT_PREPASS_ON ok=1
Cmd: compileSnippet
  api=4 type=1 insize=4376 outsize=1282 kw=LIGHTMAP_OFF DIRLIGHTMAP_OFF HDR_LIGHT_PREPASS_ON ok=1
Cmd: compileSnippet
  api=1 type=1 insize=4376 outsize=513 kw=LIGHTMAP_ON DIRLIGHTMAP_OFF HDR_LIGHT_PREPASS_ON ok=1
Cmd: compileSnippet
  api=0 type=1 insize=4376 outsize=432 kw=LIGHTMAP_ON DIRLIGHTMAP_ON HDR_LIGHT_PREPASS_ON ok=1
Cmd: compileSnippet
  api=8 type=1 insize=4376 outsize=2283 kw=LIGHTMAP_ON DIRLIGHTMAP_ON HDR_LIGHT_PREPASS_ON ok=1
Cmd: compileSnippet
  api=1 type=1 insize=952 outsize=126 kw= ok=1
Unhandled exception: Readfile from pipe failed. GLE=The pipe has been ended.


Quitting shader compiler process
