Base path: K:/Unity/Editor/Data
Pipe name: \\.\pipe\UnityShaderCompiler-3-6432
Cmd: getPlatforms
Cmd: compileSnippet
  api=0 type=0 insize=2057 outsize=689 kw=LIGHTMAP_OFF ok=1
Cmd: compileSnippet
  api=8 type=1 insize=2057 outsize=3015 kw=LIGHTMAP_ON ok=1
Cmd: compileSnippet
  api=0 type=0 insize=6277 outsize=1316 kw=DIRECTIONAL LIGHTMAP_ON DIRLIGHTMAP_OFF ok=1
Cmd: compileSnippet
  api=1 type=0 insize=6277 outsize=899 kw=DIRECTIONAL LIGHTMAP_ON DIRLIGHTMAP_ON ok=1
Cmd: compileSnippet
  api=4 type=0 insize=6277 outsize=7400 kw=DIRECTIONAL LIGHTMAP_OFF DIRLIGHTMAP_OFF VERTEXLIGHT_ON ok=1
Cmd: compileSnippet
  api=0 type=1 insize=6277 outsize=1292 kw=DIRECTIONAL LIGHTMAP_OFF DIRLIGHTMAP_OFF ok=1
Cmd: compileSnippet
  api=1 type=1 insize=6277 outsize=1390 kw=DIRECTIONAL LIGHTMAP_ON DIRLIGHTMAP_ON ok=1
Cmd: compileSnippet
  api=1 type=0 insize=3904 outsize=992 kw=DIRECTIONAL ok=1
Cmd: compileSnippet
  api=0 type=0 insize=3904 outsize=1750 kw=POINT_COOKIE ok=1
Cmd: compileSnippet
  api=1 type=0 insize=3904 outsize=1113 kw=DIRECTIONAL_COOKIE ok=1
Cmd: compileSnippet
  api=1 type=1 insize=3904 outsize=1181 kw=POINT ok=1
Cmd: compileSnippet
  api=4 type=1 insize=3904 outsize=4215 kw=SPOT ok=1
Cmd: compileSnippet
  api=0 type=1 insize=3904 outsize=1295 kw=DIRECTIONAL_COOKIE ok=1
Cmd: compileSnippet
  api=1 type=0 insize=5647 outsize=1181 kw=DIRECTIONAL LIGHTMAP_OFF DIRLIGHTMAP_OFF ok=1
Cmd: compileSnippet
  api=4 type=0 insize=5647 outsize=3874 kw=DIRECTIONAL LIGHTMAP_ON DIRLIGHTMAP_OFF ok=1
Cmd: compileSnippet
  api=8 type=0 insize=5647 outsize=5663 kw=DIRECTIONAL LIGHTMAP_ON DIRLIGHTMAP_OFF ok=1
Cmd: compileSnippet
  api=4 type=0 insize=5647 outsize=3874 kw=DIRECTIONAL LIGHTMAP_ON DIRLIGHTMAP_ON ok=1
Cmd: compileSnippet
  api=1 type=0 insize=5647 outsize=1744 kw=DIRECTIONAL LIGHTMAP_OFF DIRLIGHTMAP_OFF VERTEXLIGHT_ON ok=1
Cmd: compileSnippet
  api=8 type=1 insize=5647 outsize=4152 kw=DIRECTIONAL LIGHTMAP_OFF DIRLIGHTMAP_OFF ok=1
Cmd: compileSnippet
  api=8 type=1 insize=5647 outsize=3982 kw=DIRECTIONAL LIGHTMAP_ON DIRLIGHTMAP_OFF ok=1
Cmd: compileSnippet
  api=0 type=0 insize=3396 outsize=1332 kw=DIRECTIONAL ok=1
Cmd: compileSnippet
  api=1 type=0 insize=3396 outsize=838 kw=DIRECTIONAL ok=1
Cmd: compileSnippet
  api=0 type=0 insize=3396 outsize=1655 kw=SPOT ok=1
Cmd: compileSnippet
  api=0 type=0 insize=3396 outsize=1618 kw=POINT_COOKIE ok=1
Cmd: compileSnippet
  api=0 type=0 insize=3396 outsize=1538 kw=DIRECTIONAL_COOKIE ok=1
Cmd: compileSnippet
  api=8 type=0 insize=3396 outsize=7329 kw=DIRECTIONAL_COOKIE ok=1
Cmd: compileSnippet
  api=1 type=1 insize=3396 outsize=875 kw=POINT ok=1
Cmd: compileSnippet
  api=4 type=1 insize=3396 outsize=2452 kw=DIRECTIONAL ok=1
Cmd: compileSnippet
  api=1 type=1 insize=3396 outsize=1018 kw=SPOT ok=1
Cmd: compileSnippet
  api=4 type=1 insize=3396 outsize=3110 kw=POINT_COOKIE ok=1
Cmd: compileSnippet
  api=0 type=1 insize=3396 outsize=961 kw=DIRECTIONAL_COOKIE ok=1
Cmd: compileSnippet
  api=1 type=0 insize=1750 outsize=422 kw= ok=1
Cmd: compileSnippet
  api=8 type=1 insize=1750 outsize=3145 kw= ok=1
Cmd: compileSnippet
  api=1 type=0 insize=1301 outsize=542 kw= ok=1
Cmd: compileSnippet
  api=1 type=0 insize=1134 outsize=542 kw= ok=1
Cmd: compileSnippet
  api=8 type=0 insize=894 outsize=1438 kw= ok=1
Cmd: compileSnippet
  api=8 type=1 insize=894 outsize=1877 kw= ok=1
Cmd: compileSnippet
  api=0 type=0 insize=4971 outsize=436 kw=DIRECTIONAL SHADOWS_OFF LIGHTMAP_ON DIRLIGHTMAP_OFF ok=1
Cmd: compileSnippet
  api=0 type=0 insize=4971 outsize=880 kw=DIRECTIONAL SHADOWS_OFF LIGHTMAP_ON DIRLIGHTMAP_ON ok=1
Cmd: compileSnippet
  api=4 type=0 insize=4971 outsize=3452 kw=DIRECTIONAL SHADOWS_SCREEN LIGHTMAP_OFF DIRLIGHTMAP_OFF ok=1
Cmd: compileSnippet
  api=8 type=0 insize=4971 outsize=5022 kw=DIRECTIONAL SHADOWS_SCREEN LIGHTMAP_OFF DIRLIGHTMAP_OFF ok=1
Cmd: compileSnippet
  api=4 type=0 insize=4971 outsize=2777 kw=DIRECTIONAL SHADOWS_SCREEN LIGHTMAP_ON DIRLIGHTMAP_ON ok=1
Cmd: compileSnippet
  api=0 type=0 insize=4971 outsize=1656 kw=DIRECTIONAL SHADOWS_OFF LIGHTMAP_OFF DIRLIGHTMAP_OFF VERTEXLIGHT_ON ok=1
Cmd: compileSnippet
  api=8 type=0 insize=4971 outsize=6817 kw=DIRECTIONAL SHADOWS_OFF LIGHTMAP_OFF DIRLIGHTMAP_OFF VERTEXLIGHT_ON ok=1
Cmd: compileSnippet
  api=0 type=1 insize=4971 outsize=369 kw=DIRECTIONAL SHADOWS_OFF LIGHTMAP_ON DIRLIGHTMAP_OFF ok=1
Cmd: compileSnippet
  api=8 type=1 insize=4971 outsize=1804 kw=DIRECTIONAL SHADOWS_OFF LIGHTMAP_ON DIRLIGHTMAP_OFF ok=1
Cmd: compileSnippet
  api=4 type=1 insize=4971 outsize=1753 kw=DIRECTIONAL SHADOWS_SCREEN LIGHTMAP_OFF DIRLIGHTMAP_OFF ok=1
Cmd: compileSnippet
  api=4 type=1 insize=4971 outsize=1753 kw=DIRECTIONAL SHADOWS_SCREEN LIGHTMAP_ON DIRLIGHTMAP_OFF ok=1
Cmd: compileSnippet
  api=1 type=1 insize=4971 outsize=425 kw=DIRECTIONAL SHADOWS_SCREEN LIGHTMAP_ON DIRLIGHTMAP_ON ok=1
Cmd: compileSnippet
  api=1 type=0 insize=2508 outsize=405 kw=POINT ok=1
Cmd: compileSnippet
  api=1 type=0 insize=2508 outsize=326 kw=DIRECTIONAL ok=1
Cmd: compileSnippet
  api=4 type=0 insize=2508 outsize=3053 kw=SPOT ok=1
Cmd: compileSnippet
  api=4 type=0 insize=2508 outsize=3053 kw=POINT_COOKIE ok=1
Cmd: compileSnippet
  api=1 type=0 insize=2508 outsize=381 kw=DIRECTIONAL_COOKIE ok=1
Cmd: compileSnippet
  api=8 type=1 insize=2508 outsize=2519 kw=POINT ok=1
Cmd: compileSnippet
  api=8 type=1 insize=2508 outsize=3161 kw=SPOT ok=1
Cmd: compileSnippet
  api=8 type=1 insize=2508 outsize=2722 kw=POINT_COOKIE ok=1
Cmd: compileSnippet
  api=1 type=1 insize=1885 outsize=118 kw= ok=1
Cmd: compileSnippet
  api=8 type=0 insize=4376 outsize=4242 kw=LIGHTMAP_OFF DIRLIGHTMAP_OFF HDR_LIGHT_PREPASS_OFF ok=1
Cmd: compileSnippet
  api=8 type=0 insize=4376 outsize=4177 kw=LIGHTMAP_ON DIRLIGHTMAP_OFF HDR_LIGHT_PREPASS_OFF ok=1
Cmd: compileSnippet
  api=8 type=0 insize=4376 outsize=4071 kw=LIGHTMAP_ON DIRLIGHTMAP_ON HDR_LIGHT_PREPASS_OFF ok=1
Cmd: compileSnippet
  api=4 type=0 insize=4376 outsize=2883 kw=LIGHTMAP_OFF DIRLIGHTMAP_OFF HDR_LIGHT_PREPASS_ON ok=1
Cmd: compileSnippet
  api=4 type=0 insize=4376 outsize=2883 kw=LIGHTMAP_ON DIRLIGHTMAP_OFF HDR_LIGHT_PREPASS_ON ok=1
Cmd: compileSnippet
  api=1 type=0 insize=4376 outsize=637 kw=LIGHTMAP_ON DIRLIGHTMAP_ON HDR_LIGHT_PREPASS_ON ok=1
Cmd: compileSnippet
  api=1 type=1 insize=4376 outsize=294 kw=LIGHTMAP_OFF DIRLIGHTMAP_OFF HDR_LIGHT_PREPASS_OFF ok=1
Cmd: compileSnippet
  api=4 type=1 insize=4376 outsize=2176 kw=LIGHTMAP_ON DIRLIGHTMAP_OFF HDR_LIGHT_PREPASS_OFF ok=1
Cmd: compileSnippet
  api=4 type=1 insize=4376 outsize=1583 kw=LIGHTMAP_ON DIRLIGHTMAP_ON HDR_LIGHT_PREPASS_OFF ok=1
Cmd: compileSnippet
  api=1 type=1 insize=4376 outsize=239 kw=LIGHTMAP_OFF DIRLIGHTMAP_OFF HDR_LIGHT_PREPASS_ON ok=1
Cmd: compileSnippet
  api=8 type=1 insize=4376 outsize=1926 kw=LIGHTMAP_OFF DIRLIGHTMAP_OFF HDR_LIGHT_PREPASS_ON ok=1
Cmd: compileSnippet
  api=1 type=1 insize=4376 outsize=304 kw=LIGHTMAP_ON DIRLIGHTMAP_ON HDR_LIGHT_PREPASS_ON ok=1
Cmd: compileSnippet
  api=1 type=0 insize=952 outsize=171 kw= ok=1
Unhandled exception: Readfile from pipe failed. GLE=The pipe has been ended.


Quitting shader compiler process
