Base path: K:/Unity/Editor/Data
Pipe name: \\.\pipe\UnityShaderCompiler-1-7112
Cmd: getPlatforms
Cmd: preprocess
  insize=1551 outsize=865 ok=1
Cmd: compileSnippet
  api=4 type=0 insize=952 outsize=1274 kw= ok=1
Cmd: compileSnippet
  api=4 type=1 insize=952 outsize=811 kw= ok=1
Cmd: preprocess
  insize=522 outsize=519 ok=1
Cmd: compileSnippet
  api=0 type=0 insize=2057 outsize=723 kw=LIGHTMAP_ON ok=1
Cmd: compileSnippet
  api=8 type=0 insize=2057 outsize=2649 kw=LIGHTMAP_OFF ok=1
Cmd: compileSnippet
  api=0 type=1 insize=2057 outsize=688 kw=LIGHTMAP_ON ok=1
Cmd: compileSnippet
  api=1 type=1 insize=2057 outsize=377 kw=LIGHTMAP_OFF ok=1
Cmd: compileSnippet
  api=0 type=0 insize=6277 outsize=1874 kw=DIRECTIONAL LIGHTMAP_OFF DIRLIGHTMAP_OFF ok=1
Cmd: compileSnippet
  api=0 type=0 insize=6277 outsize=1316 kw=DIRECTIONAL LIGHTMAP_ON DIRLIGHTMAP_ON ok=1
Cmd: compileSnippet
  api=1 type=0 insize=6277 outsize=1914 kw=DIRECTIONAL LIGHTMAP_OFF DIRLIGHTMAP_OFF VERTEXLIGHT_ON ok=1
Cmd: compileSnippet
  api=1 type=1 insize=6277 outsize=1074 kw=DIRECTIONAL LIGHTMAP_ON DIRLIGHTMAP_OFF ok=1
Cmd: compileSnippet
  api=0 type=1 insize=6277 outsize=1573 kw=DIRECTIONAL LIGHTMAP_ON DIRLIGHTMAP_ON ok=1
Cmd: compileSnippet
  api=0 type=0 insize=3904 outsize=1750 kw=POINT ok=1
Cmd: compileSnippet
  api=0 type=0 insize=3904 outsize=1787 kw=SPOT ok=1
Cmd: compileSnippet
  api=1 type=0 insize=3904 outsize=1158 kw=POINT_COOKIE ok=1
Cmd: compileSnippet
  api=4 type=0 insize=3904 outsize=5239 kw=DIRECTIONAL_COOKIE ok=1
Cmd: compileSnippet
  api=0 type=1 insize=3904 outsize=1433 kw=POINT ok=1
Cmd: compileSnippet
  api=1 type=1 insize=3904 outsize=1322 kw=SPOT ok=1
Cmd: compileSnippet
  api=4 type=1 insize=3904 outsize=3907 kw=POINT_COOKIE ok=1
Cmd: compileSnippet
  api=0 type=0 insize=5647 outsize=1742 kw=DIRECTIONAL LIGHTMAP_OFF DIRLIGHTMAP_OFF ok=1
Cmd: compileSnippet
  api=1 type=0 insize=5647 outsize=743 kw=DIRECTIONAL LIGHTMAP_ON DIRLIGHTMAP_OFF ok=1
Cmd: compileSnippet
  api=1 type=0 insize=5647 outsize=743 kw=DIRECTIONAL LIGHTMAP_ON DIRLIGHTMAP_ON ok=1
Cmd: compileSnippet
  api=4 type=0 insize=5647 outsize=7157 kw=DIRECTIONAL LIGHTMAP_OFF DIRLIGHTMAP_OFF VERTEXLIGHT_ON ok=1
Cmd: compileSnippet
  api=0 type=1 insize=5647 outsize=975 kw=DIRECTIONAL LIGHTMAP_OFF DIRLIGHTMAP_OFF ok=1
Cmd: compileSnippet
  api=1 type=1 insize=5647 outsize=743 kw=DIRECTIONAL LIGHTMAP_ON DIRLIGHTMAP_OFF ok=1
Cmd: compileSnippet
  api=0 type=1 insize=5647 outsize=1264 kw=DIRECTIONAL LIGHTMAP_ON DIRLIGHTMAP_ON ok=1
Cmd: compileSnippet
  api=8 type=1 insize=5647 outsize=5022 kw=DIRECTIONAL LIGHTMAP_ON DIRLIGHTMAP_ON ok=1
Cmd: compileSnippet
  api=0 type=0 insize=3396 outsize=1618 kw=POINT ok=1
Cmd: compileSnippet
  api=8 type=0 insize=3396 outsize=6330 kw=DIRECTIONAL ok=1
Cmd: compileSnippet
  api=8 type=0 insize=3396 outsize=7459 kw=SPOT ok=1
Cmd: compileSnippet
  api=4 type=0 insize=3396 outsize=4995 kw=DIRECTIONAL_COOKIE ok=1
Cmd: compileSnippet
  api=0 type=1 insize=3396 outsize=1100 kw=POINT ok=1
Cmd: compileSnippet
  api=1 type=1 insize=3396 outsize=722 kw=DIRECTIONAL ok=1
Cmd: compileSnippet
  api=8 type=1 insize=3396 outsize=5176 kw=SPOT ok=1
Cmd: compileSnippet
  api=0 type=0 insize=1750 outsize=718 kw= ok=1
Cmd: compileSnippet
  api=0 type=1 insize=1750 outsize=733 kw= ok=1
Cmd: compileSnippet
  api=0 type=0 insize=1301 outsize=766 kw= ok=1
Cmd: compileSnippet
  api=0 type=1 insize=1301 outsize=518 kw= ok=1
Cmd: compileSnippet
  api=0 type=0 insize=1134 outsize=766 kw= ok=1
Cmd: compileSnippet
  api=0 type=0 insize=894 outsize=328 kw= ok=1
Cmd: compileSnippet
  api=0 type=1 insize=894 outsize=453 kw= ok=1
Cmd: compileSnippet
  api=0 type=0 insize=4971 outsize=1058 kw=DIRECTIONAL SHADOWS_OFF LIGHTMAP_OFF DIRLIGHTMAP_OFF ok=1
Cmd: compileSnippet
  api=8 type=0 insize=4971 outsize=2048 kw=DIRECTIONAL SHADOWS_OFF LIGHTMAP_ON DIRLIGHTMAP_OFF ok=1
Cmd: compileSnippet
  api=8 type=0 insize=4971 outsize=3510 kw=DIRECTIONAL SHADOWS_OFF LIGHTMAP_ON DIRLIGHTMAP_ON ok=1
Cmd: compileSnippet
  api=1 type=0 insize=4971 outsize=319 kw=DIRECTIONAL SHADOWS_SCREEN LIGHTMAP_ON DIRLIGHTMAP_OFF ok=1
Cmd: compileSnippet
  api=1 type=0 insize=4971 outsize=640 kw=DIRECTIONAL SHADOWS_SCREEN LIGHTMAP_ON DIRLIGHTMAP_ON ok=1
Cmd: compileSnippet
  api=4 type=0 insize=4971 outsize=4508 kw=DIRECTIONAL SHADOWS_OFF LIGHTMAP_OFF DIRLIGHTMAP_OFF VERTEXLIGHT_ON ok=1
Cmd: compileSnippet
  api=4 type=0 insize=4971 outsize=4865 kw=DIRECTIONAL SHADOWS_SCREEN LIGHTMAP_OFF DIRLIGHTMAP_OFF VERTEXLIGHT_ON ok=1
Cmd: compileSnippet
  api=0 type=1 insize=4971 outsize=444 kw=DIRECTIONAL SHADOWS_OFF LIGHTMAP_OFF DIRLIGHTMAP_OFF ok=1
Cmd: compileSnippet
  api=0 type=1 insize=4971 outsize=369 kw=DIRECTIONAL SHADOWS_OFF LIGHTMAP_ON DIRLIGHTMAP_ON ok=1
Cmd: compileSnippet
  api=8 type=1 insize=4971 outsize=1853 kw=DIRECTIONAL SHADOWS_OFF LIGHTMAP_ON DIRLIGHTMAP_ON ok=1
Cmd: compileSnippet
  api=1 type=1 insize=4971 outsize=425 kw=DIRECTIONAL SHADOWS_SCREEN LIGHTMAP_ON DIRLIGHTMAP_OFF ok=1
Cmd: compileSnippet
  api=0 type=1 insize=4971 outsize=538 kw=DIRECTIONAL SHADOWS_SCREEN LIGHTMAP_ON DIRLIGHTMAP_ON ok=1
Cmd: compileSnippet
  api=8 type=1 insize=4971 outsize=2706 kw=DIRECTIONAL SHADOWS_SCREEN LIGHTMAP_ON DIRLIGHTMAP_ON ok=1
Cmd: compileSnippet
  api=0 type=0 insize=2508 outsize=857 kw=POINT ok=1
Cmd: compileSnippet
  api=0 type=0 insize=2508 outsize=894 kw=SPOT ok=1
Cmd: compileSnippet
  api=0 type=0 insize=2508 outsize=857 kw=POINT_COOKIE ok=1
Cmd: compileSnippet
  api=8 type=0 insize=2508 outsize=4363 kw=POINT_COOKIE ok=1
Cmd: compileSnippet
  api=8 type=0 insize=2508 outsize=4331 kw=DIRECTIONAL_COOKIE ok=1
Cmd: compileSnippet
  api=0 type=1 insize=2508 outsize=561 kw=POINT ok=1
Cmd: compileSnippet
  api=1 type=1 insize=2508 outsize=280 kw=DIRECTIONAL ok=1
Cmd: compileSnippet
  api=0 type=1 insize=2508 outsize=767 kw=SPOT ok=1
Cmd: compileSnippet
  api=1 type=1 insize=2508 outsize=465 kw=POINT_COOKIE ok=1
Cmd: compileSnippet
  api=8 type=1 insize=2508 outsize=2251 kw=DIRECTIONAL_COOKIE ok=1
Cmd: compileSnippet
  api=0 type=0 insize=1885 outsize=457 kw= ok=1
Cmd: compileSnippet
  api=0 type=1 insize=1885 outsize=159 kw= ok=1
Cmd: compileSnippet
  api=0 type=0 insize=4376 outsize=905 kw=LIGHTMAP_OFF DIRLIGHTMAP_OFF HDR_LIGHT_PREPASS_OFF ok=1
Cmd: compileSnippet
  api=1 type=0 insize=4376 outsize=503 kw=LIGHTMAP_ON DIRLIGHTMAP_OFF HDR_LIGHT_PREPASS_OFF ok=1
Cmd: compileSnippet
  api=4 type=0 insize=4376 outsize=2777 kw=LIGHTMAP_ON DIRLIGHTMAP_ON HDR_LIGHT_PREPASS_OFF ok=1
Cmd: compileSnippet
  api=1 type=0 insize=4376 outsize=639 kw=LIGHTMAP_OFF DIRLIGHTMAP_OFF HDR_LIGHT_PREPASS_ON ok=1
Cmd: compileSnippet
  api=1 type=0 insize=4376 outsize=503 kw=LIGHTMAP_ON DIRLIGHTMAP_OFF HDR_LIGHT_PREPASS_ON ok=1
Cmd: compileSnippet
  api=4 type=0 insize=4376 outsize=2777 kw=LIGHTMAP_ON DIRLIGHTMAP_ON HDR_LIGHT_PREPASS_ON ok=1
Cmd: compileSnippet
  api=8 type=0 insize=4376 outsize=4071 kw=LIGHTMAP_ON DIRLIGHTMAP_ON HDR_LIGHT_PREPASS_ON ok=1
Cmd: compileSnippet
  api=0 type=1 insize=4376 outsize=412 kw=LIGHTMAP_OFF DIRLIGHTMAP_OFF HDR_LIGHT_PREPASS_OFF ok=1
Cmd: compileSnippet
  api=1 type=1 insize=4376 outsize=568 kw=LIGHTMAP_ON DIRLIGHTMAP_OFF HDR_LIGHT_PREPASS_OFF ok=1
Cmd: compileSnippet
  api=0 type=1 insize=4376 outsize=482 kw=LIGHTMAP_ON DIRLIGHTMAP_ON HDR_LIGHT_PREPASS_OFF ok=1
Cmd: compileSnippet
  api=8 type=1 insize=4376 outsize=2405 kw=LIGHTMAP_ON DIRLIGHTMAP_ON HDR_LIGHT_PREPASS_OFF ok=1
Cmd: compileSnippet
  api=4 type=1 insize=4376 outsize=2127 kw=LIGHTMAP_ON DIRLIGHTMAP_OFF HDR_LIGHT_PREPASS_ON ok=1
Cmd: compileSnippet
  api=4 type=1 insize=4376 outsize=1534 kw=LIGHTMAP_ON DIRLIGHTMAP_ON HDR_LIGHT_PREPASS_ON ok=1
Cmd: compileSnippet
  api=8 type=0 insize=952 outsize=1812 kw= ok=1
Cmd: compileSnippet
  api=0 type=1 insize=952 outsize=222 kw= ok=1
