Base path: K:/Unity/Editor/Data
Pipe name: \\.\pipe\UnityShaderCompiler-2-5780
Cmd: getPlatforms
Cmd: compileSnippet
  api=1 type=0 insize=2057 outsize=361 kw=LIGHTMAP_ON ok=1
Cmd: compileSnippet
  api=1 type=0 insize=2057 outsize=335 kw=LIGHTMAP_OFF ok=1
Cmd: compileSnippet
  api=1 type=1 insize=2057 outsize=545 kw=LIGHTMAP_ON ok=1
Cmd: compileSnippet
  api=8 type=1 insize=2057 outsize=2413 kw=LIGHTMAP_OFF ok=1
Cmd: compileSnippet
  api=1 type=0 insize=6277 outsize=899 kw=DIRECTIONAL LIGHTMAP_ON DIRLIGHTMAP_OFF ok=1
Cmd: compileSnippet
  api=0 type=0 insize=6277 outsize=2532 kw=DIRECTIONAL LIGHTMAP_OFF DIRLIGHTMAP_OFF VERTEXLIGHT_ON ok=1
Cmd: compileSnippet
  api=0 type=1 insize=6277 outsize=1241 kw=DIRECTIONAL LIGHTMAP_ON DIRLIGHTMAP_OFF ok=1
Cmd: compileSnippet
  api=1 type=0 insize=3904 outsize=1158 kw=POINT ok=1
Cmd: compileSnippet
  api=4 type=0 insize=3904 outsize=5328 kw=SPOT ok=1
Cmd: compileSnippet
  api=0 type=0 insize=3904 outsize=1670 kw=DIRECTIONAL_COOKIE ok=1
Cmd: compileSnippet
  api=0 type=1 insize=3904 outsize=1218 kw=DIRECTIONAL ok=1
Cmd: compileSnippet
  api=0 type=1 insize=3904 outsize=1639 kw=SPOT ok=1
Cmd: compileSnippet
  api=1 type=1 insize=3904 outsize=1221 kw=POINT_COOKIE ok=1
Cmd: compileSnippet
  api=4 type=1 insize=3904 outsize=3565 kw=DIRECTIONAL_COOKIE ok=1
Cmd: compileSnippet
  api=0 type=0 insize=5647 outsize=1184 kw=DIRECTIONAL LIGHTMAP_ON DIRLIGHTMAP_OFF ok=1
Cmd: compileSnippet
  api=0 type=0 insize=5647 outsize=1184 kw=DIRECTIONAL LIGHTMAP_ON DIRLIGHTMAP_ON ok=1
Cmd: compileSnippet
  api=0 type=0 insize=5647 outsize=2400 kw=DIRECTIONAL LIGHTMAP_OFF DIRLIGHTMAP_OFF VERTEXLIGHT_ON ok=1
Cmd: compileSnippet
  api=0 type=1 insize=5647 outsize=919 kw=DIRECTIONAL LIGHTMAP_ON DIRLIGHTMAP_OFF ok=1
Cmd: compileSnippet
  api=1 type=1 insize=5647 outsize=1054 kw=DIRECTIONAL LIGHTMAP_ON DIRLIGHTMAP_ON ok=1
Cmd: compileSnippet
  api=1 type=0 insize=3396 outsize=990 kw=POINT ok=1
Cmd: compileSnippet
  api=4 type=0 insize=3396 outsize=4305 kw=DIRECTIONAL ok=1
Cmd: compileSnippet
  api=1 type=0 insize=3396 outsize=1009 kw=SPOT ok=1
Cmd: compileSnippet
  api=1 type=0 insize=3396 outsize=990 kw=POINT_COOKIE ok=1
Cmd: compileSnippet
  api=8 type=0 insize=3396 outsize=7459 kw=POINT_COOKIE ok=1
Cmd: compileSnippet
  api=8 type=1 insize=3396 outsize=4461 kw=POINT ok=1
Cmd: compileSnippet
  api=0 type=1 insize=3396 outsize=1304 kw=SPOT ok=1
Cmd: compileSnippet
  api=4 type=1 insize=3396 outsize=3419 kw=SPOT ok=1
Cmd: compileSnippet
  api=8 type=1 insize=3396 outsize=4737 kw=POINT_COOKIE ok=1
Cmd: compileSnippet
  api=1 type=1 insize=3396 outsize=781 kw=DIRECTIONAL_COOKIE ok=1
Cmd: compileSnippet
  api=8 type=1 insize=3396 outsize=4193 kw=DIRECTIONAL_COOKIE ok=1
Cmd: compileSnippet
  api=8 type=0 insize=1750 outsize=2982 kw= ok=1
Cmd: compileSnippet
  api=1 type=1 insize=1750 outsize=626 kw= ok=1
Cmd: compileSnippet
  api=1 type=1 insize=1301 outsize=336 kw= ok=1
Cmd: compileSnippet
  api=1 type=0 insize=894 outsize=132 kw= ok=1
Cmd: compileSnippet
  api=1 type=1 insize=894 outsize=262 kw= ok=1
Cmd: compileSnippet
  api=8 type=0 insize=4971 outsize=4510 kw=DIRECTIONAL SHADOWS_OFF LIGHTMAP_OFF DIRLIGHTMAP_OFF ok=1
Cmd: compileSnippet
  api=1 type=0 insize=4971 outsize=190 kw=DIRECTIONAL SHADOWS_OFF LIGHTMAP_ON DIRLIGHTMAP_OFF ok=1
Cmd: compileSnippet
  api=4 type=0 insize=4971 outsize=2420 kw=DIRECTIONAL SHADOWS_OFF LIGHTMAP_ON DIRLIGHTMAP_ON ok=1
Cmd: compileSnippet
  api=0 type=0 insize=4971 outsize=1173 kw=DIRECTIONAL SHADOWS_SCREEN LIGHTMAP_OFF DIRLIGHTMAP_OFF ok=1
Cmd: compileSnippet
  api=4 type=0 insize=4971 outsize=1883 kw=DIRECTIONAL SHADOWS_SCREEN LIGHTMAP_ON DIRLIGHTMAP_OFF ok=1
Cmd: compileSnippet
  api=8 type=0 insize=4971 outsize=2665 kw=DIRECTIONAL SHADOWS_SCREEN LIGHTMAP_ON DIRLIGHTMAP_OFF ok=1
Cmd: compileSnippet
  api=8 type=0 insize=4971 outsize=4071 kw=DIRECTIONAL SHADOWS_SCREEN LIGHTMAP_ON DIRLIGHTMAP_ON ok=1
Cmd: compileSnippet
  api=1 type=0 insize=4971 outsize=1342 kw=DIRECTIONAL SHADOWS_SCREEN LIGHTMAP_OFF DIRLIGHTMAP_OFF VERTEXLIGHT_ON ok=1
Cmd: compileSnippet
  api=1 type=1 insize=4971 outsize=331 kw=DIRECTIONAL SHADOWS_OFF LIGHTMAP_OFF DIRLIGHTMAP_OFF ok=1
Cmd: compileSnippet
  api=1 type=1 insize=4971 outsize=265 kw=DIRECTIONAL SHADOWS_OFF LIGHTMAP_ON DIRLIGHTMAP_OFF ok=1
Cmd: compileSnippet
  api=1 type=1 insize=4971 outsize=265 kw=DIRECTIONAL SHADOWS_OFF LIGHTMAP_ON DIRLIGHTMAP_ON ok=1
Cmd: compileSnippet
  api=0 type=1 insize=4971 outsize=514 kw=DIRECTIONAL SHADOWS_SCREEN LIGHTMAP_OFF DIRLIGHTMAP_OFF ok=1
Cmd: compileSnippet
  api=8 type=1 insize=4971 outsize=2641 kw=DIRECTIONAL SHADOWS_SCREEN LIGHTMAP_OFF DIRLIGHTMAP_OFF ok=1
Cmd: compileSnippet
  api=4 type=1 insize=4971 outsize=1802 kw=DIRECTIONAL SHADOWS_SCREEN LIGHTMAP_ON DIRLIGHTMAP_ON ok=1
Cmd: compileSnippet
  api=8 type=0 insize=2508 outsize=4363 kw=POINT ok=1
Cmd: compileSnippet
  api=8 type=0 insize=2508 outsize=3307 kw=DIRECTIONAL ok=1
Cmd: compileSnippet
  api=8 type=0 insize=2508 outsize=4363 kw=SPOT ok=1
Cmd: compileSnippet
  api=0 type=0 insize=2508 outsize=815 kw=DIRECTIONAL_COOKIE ok=1
Cmd: compileSnippet
  api=1 type=1 insize=2508 outsize=417 kw=POINT ok=1
Cmd: compileSnippet
  api=8 type=1 insize=2508 outsize=1869 kw=DIRECTIONAL ok=1
Cmd: compileSnippet
  api=4 type=1 insize=2508 outsize=2152 kw=SPOT ok=1
Cmd: compileSnippet
  api=4 type=1 insize=2508 outsize=1843 kw=POINT_COOKIE ok=1
Cmd: compileSnippet
  api=0 type=1 insize=2508 outsize=447 kw=DIRECTIONAL_COOKIE ok=1
Cmd: compileSnippet
  api=4 type=1 insize=2508 outsize=1502 kw=DIRECTIONAL_COOKIE ok=1
Cmd: compileSnippet
  api=8 type=0 insize=1885 outsize=2097 kw= ok=1
Cmd: compileSnippet
  api=0 type=0 insize=4376 outsize=855 kw=LIGHTMAP_ON DIRLIGHTMAP_OFF HDR_LIGHT_PREPASS_OFF ok=1
Cmd: compileSnippet
  api=1 type=0 insize=4376 outsize=637 kw=LIGHTMAP_ON DIRLIGHTMAP_ON HDR_LIGHT_PREPASS_OFF ok=1
Cmd: compileSnippet
  api=0 type=0 insize=4376 outsize=905 kw=LIGHTMAP_OFF DIRLIGHTMAP_OFF HDR_LIGHT_PREPASS_ON ok=1
Cmd: compileSnippet
  api=0 type=0 insize=4376 outsize=855 kw=LIGHTMAP_ON DIRLIGHTMAP_OFF HDR_LIGHT_PREPASS_ON ok=1
Cmd: compileSnippet
  api=8 type=0 insize=4376 outsize=4177 kw=LIGHTMAP_ON DIRLIGHTMAP_OFF HDR_LIGHT_PREPASS_ON ok=1
Cmd: compileSnippet
  api=0 type=1 insize=4376 outsize=739 kw=LIGHTMAP_ON DIRLIGHTMAP_OFF HDR_LIGHT_PREPASS_OFF ok=1
Cmd: compileSnippet
  api=8 type=1 insize=4376 outsize=3372 kw=LIGHTMAP_ON DIRLIGHTMAP_OFF HDR_LIGHT_PREPASS_OFF ok=1
Cmd: compileSnippet
  api=0 type=1 insize=4376 outsize=690 kw=LIGHTMAP_ON DIRLIGHTMAP_OFF HDR_LIGHT_PREPASS_ON ok=1
Cmd: compileSnippet
  api=8 type=1 insize=4376 outsize=3250 kw=LIGHTMAP_ON DIRLIGHTMAP_OFF HDR_LIGHT_PREPASS_ON ok=1
Cmd: compileSnippet
  api=0 type=0 insize=952 outsize=397 kw= ok=1
Cmd: compileSnippet
  api=8 type=1 insize=952 outsize=1138 kw= ok=1
Unhandled exception: Readfile from pipe failed. GLE=The pipe has been ended.


Quitting shader compiler process
